{
  "stats": {
    "suites": 6,
    "tests": 15,
    "passes": 15,
    "pending": 0,
    "failures": 0,
    "start": "2022-11-26T17:56:07.346Z",
    "end": "2022-11-26T17:56:35.827Z",
    "duration": 15945,
    "testsRegistered": 15,
    "passPercent": 100,
    "pendingPercent": 0,
    "other": 0,
    "hasOther": false,
    "skipped": 0,
    "hasSkipped": false
  },
  "results": [
    {
      "uuid": "93339bb5-82d7-4005-804d-889b481706ce",
      "title": "",
      "fullFile": "cypress\\e2e\\test\\InClassActivities\\activity4.cy.js",
      "file": "cypress\\e2e\\test\\InClassActivities\\activity4.cy.js",
      "beforeHooks": [],
      "afterHooks": [],
      "tests": [],
      "suites": [
        {
          "uuid": "bcba49f4-0d28-428e-8335-c8c1a2dd873f",
          "title": "Activity 4",
          "fullFile": "",
          "file": "",
          "beforeHooks": [],
          "afterHooks": [],
          "tests": [
            {
              "title": "Login with a valid user",
              "fullTitle": "Activity 4 Login with a valid user",
              "timedOut": null,
              "duration": 891,
              "state": "passed",
              "speed": "fast",
              "pass": true,
              "fail": false,
              "pending": false,
              "context": null,
              "code": "// Enter username & password then click the login button\ncy.get('#user-name').type('standard_user');\ncy.get('#password').type('secret_sauce');\ncy.get('#login-button').click(); // Assert that the user is taken to the Products page\ncy.get('.inventory_item_name').should('be.visible');\ncy.get('.title').contains('Products');\ncy.url().should('contain', 'inventory');",
              "err": {},
              "uuid": "d03b75d2-4ca3-45d3-ade5-05a718c18e1e",
              "parentUUID": "bcba49f4-0d28-428e-8335-c8c1a2dd873f",
              "isHook": false,
              "skipped": false
            },
            {
              "title": "Add a single product to cart",
              "fullTitle": "Activity 4 Add a single product to cart",
              "timedOut": null,
              "duration": 1014,
              "state": "passed",
              "speed": "fast",
              "pass": true,
              "fail": false,
              "pending": false,
              "context": null,
              "code": "// Login with a valid user\ncy.get('#user-name').type('standard_user');\ncy.get('#password').type('secret_sauce');\ncy.get('#login-button').click(); // Click add to cart button\ncy.get('#add-to-cart-sauce-labs-backpack').click(); // Assert the notification on the cart icon then navigate to cart\ncy.get('.shopping_cart_badge').should('have.text', 1);\ncy.get('.shopping_cart_link').click(); // Assert correct item was added to cart successfully\ncy.get('.cart_quantity').should('have.text', 1);\ncy.get('#remove-sauce-labs-backpack').should('be.visible');\ncy.get('.inventory_item_name').should('have.text', 'Sauce Labs Backpack');",
              "err": {},
              "uuid": "1dcf5ba9-e304-40eb-9b16-26858c0bfb77",
              "parentUUID": "bcba49f4-0d28-428e-8335-c8c1a2dd873f",
              "isHook": false,
              "skipped": false
            },
            {
              "title": "Remove one item from cart",
              "fullTitle": "Activity 4 Remove one item from cart",
              "timedOut": null,
              "duration": 1047,
              "state": "passed",
              "speed": "fast",
              "pass": true,
              "fail": false,
              "pending": false,
              "context": null,
              "code": "// Login with a valid user\ncy.get('#user-name').type('standard_user');\ncy.get('#password').type('secret_sauce');\ncy.get('#login-button').click(); // Add an item to the cart so we can remove it\ncy.get('#add-to-cart-sauce-labs-backpack').click(); // Navigate to the cart\ncy.get('.shopping_cart_link').click(); // Assert that there is 1 item in the cart then remove the item\ncy.get('.cart_quantity').should('have.text', 1);\ncy.get('.inventory_item_name').should('have.text', 'Sauce Labs Backpack');\ncy.get('#remove-sauce-labs-backpack').click(); // Assert that the item was removed and the cart is empty\ncy.get('.inventory_item_name').should('not.exist');\ncy.get('.removed_cart_item').should('exist');",
              "err": {},
              "uuid": "b2526290-d51f-4589-b75d-7c454f13833c",
              "parentUUID": "bcba49f4-0d28-428e-8335-c8c1a2dd873f",
              "isHook": false,
              "skipped": false
            }
          ],
          "suites": [],
          "passes": [
            "d03b75d2-4ca3-45d3-ade5-05a718c18e1e",
            "1dcf5ba9-e304-40eb-9b16-26858c0bfb77",
            "b2526290-d51f-4589-b75d-7c454f13833c"
          ],
          "failures": [],
          "pending": [],
          "skipped": [],
          "duration": 2952,
          "root": false,
          "rootEmpty": false,
          "_timeout": 2000
        }
      ],
      "passes": [],
      "failures": [],
      "pending": [],
      "skipped": [],
      "duration": 0,
      "root": true,
      "rootEmpty": true,
      "_timeout": 2000
    },
    {
      "uuid": "45292413-82e7-4b08-8777-6dde3585650d",
      "title": "",
      "fullFile": "cypress\\e2e\\test\\PageObjectExamples\\cart.cy.js",
      "file": "cypress\\e2e\\test\\PageObjectExamples\\cart.cy.js",
      "beforeHooks": [],
      "afterHooks": [],
      "tests": [],
      "suites": [
        {
          "uuid": "dfe89c90-f7bf-41c6-82f1-e542efadcf8e",
          "title": "Activity 6",
          "fullFile": "",
          "file": "",
          "beforeHooks": [],
          "afterHooks": [],
          "tests": [
            {
              "title": "Add a single product to cart",
              "fullTitle": "Activity 6 Add a single product to cart",
              "timedOut": null,
              "duration": 1052,
              "state": "passed",
              "speed": "fast",
              "pass": true,
              "fail": false,
              "pending": false,
              "context": null,
              "code": "_auth.default.login('standard_user', 'secret_sauce');\n_cart.default.addToCart('Sauce Labs Backpack');\n_cart.default.navigateToCart();\ncy.get(_cart.default.cartNotification).should('have.text', 1);\ncy.get(_cart.default.cartQuantity).should('have.text', 1);\ncy.get(_cart.default.removeSauceLabBackPackBtn).should('be.visible');\ncy.get(_cart.default.cartItemsName).should('have.text', 'Sauce Labs Backpack');",
              "err": {},
              "uuid": "33f98505-8227-4019-981f-106ee2316f69",
              "parentUUID": "dfe89c90-f7bf-41c6-82f1-e542efadcf8e",
              "isHook": false,
              "skipped": false
            },
            {
              "title": "Remove one item from cart",
              "fullTitle": "Activity 6 Remove one item from cart",
              "timedOut": null,
              "duration": 1075,
              "state": "passed",
              "speed": "fast",
              "pass": true,
              "fail": false,
              "pending": false,
              "context": null,
              "code": "_auth.default.login('standard_user', 'secret_sauce');\n_cart.default.addToCart('Sauce Labs Backpack');\n_cart.default.navigateToCart(); // Assert that there is 1 item in the cart then remove the item\n\ncy.get(_cart.default.cartQuantity).should('have.text', 1);\ncy.get(_cart.default.cartItemsName).should('have.text', 'Sauce Labs Backpack');\ncy.get(_cart.default.removeSauceLabBackPackBtn).click(); // Assert that the item was removed and the cart is empty\ncy.get(_cart.default.cartItemsName).should('not.exist');\ncy.get(_cart.default.removedCartItem).should('exist');",
              "err": {},
              "uuid": "b490ec97-5f0c-4c4c-906b-57d06ca24d09",
              "parentUUID": "dfe89c90-f7bf-41c6-82f1-e542efadcf8e",
              "isHook": false,
              "skipped": false
            }
          ],
          "suites": [],
          "passes": [
            "33f98505-8227-4019-981f-106ee2316f69",
            "b490ec97-5f0c-4c4c-906b-57d06ca24d09"
          ],
          "failures": [],
          "pending": [],
          "skipped": [],
          "duration": 2127,
          "root": false,
          "rootEmpty": false,
          "_timeout": 2000
        }
      ],
      "passes": [],
      "failures": [],
      "pending": [],
      "skipped": [],
      "duration": 0,
      "root": true,
      "rootEmpty": true,
      "_timeout": 2000
    },
    {
      "uuid": "9ebc70c6-045f-4b5d-91b0-b8137ef4d4e5",
      "title": "",
      "fullFile": "cypress\\e2e\\test\\PageObjectExamples\\login.cy.js",
      "file": "cypress\\e2e\\test\\PageObjectExamples\\login.cy.js",
      "beforeHooks": [],
      "afterHooks": [],
      "tests": [],
      "suites": [
        {
          "uuid": "c9906fbb-5f18-4868-bd37-59b7359e5c9f",
          "title": "Authentication",
          "fullFile": "",
          "file": "",
          "beforeHooks": [],
          "afterHooks": [],
          "tests": [
            {
              "title": "Login with a valid user",
              "fullTitle": "Authentication Login with a valid user",
              "timedOut": null,
              "duration": 966,
              "state": "passed",
              "speed": "fast",
              "pass": true,
              "fail": false,
              "pending": false,
              "context": null,
              "code": "_auth.default.login('standard_user', 'secret_sauce');\ncy.get('.inventory_item_name').should('be.visible');\ncy.TestCommand();",
              "err": {},
              "uuid": "31a4fad9-c08d-4506-ac22-43d87c5722be",
              "parentUUID": "c9906fbb-5f18-4868-bd37-59b7359e5c9f",
              "isHook": false,
              "skipped": false
            }
          ],
          "suites": [],
          "passes": [
            "31a4fad9-c08d-4506-ac22-43d87c5722be"
          ],
          "failures": [],
          "pending": [],
          "skipped": [],
          "duration": 966,
          "root": false,
          "rootEmpty": false,
          "_timeout": 2000
        }
      ],
      "passes": [],
      "failures": [],
      "pending": [],
      "skipped": [],
      "duration": 0,
      "root": true,
      "rootEmpty": true,
      "_timeout": 2000
    },
    {
      "uuid": "06f0d3ab-6434-4898-8bdd-368ba0378de5",
      "title": "",
      "fullFile": "cypress\\e2e\\test\\Sort\\sort.cy.js",
      "file": "cypress\\e2e\\test\\Sort\\sort.cy.js",
      "beforeHooks": [],
      "afterHooks": [],
      "tests": [],
      "suites": [
        {
          "uuid": "1206d359-1ea2-46fa-8ab7-9ecd187732bb",
          "title": "Filter",
          "fullFile": "",
          "file": "",
          "beforeHooks": [],
          "afterHooks": [],
          "tests": [
            {
              "title": "should sort product list from A-Z",
              "fullTitle": "Filter should sort product list from A-Z",
              "timedOut": null,
              "duration": 1027,
              "state": "passed",
              "speed": "fast",
              "pass": true,
              "fail": false,
              "pending": false,
              "context": null,
              "code": "_auth.default.login('standard_user', 'secret_sauce');\ncy.get('.product_sort_container').select('az');\nvar productList = ['Sauce Labs Backpack', 'Sauce Labs Bike Light', 'Sauce Labs Bolt T-Shirt', 'Sauce Labs Fleece Jacket', 'Sauce Labs Onesie', 'Test.allTheThings() T-Shirt (Red)'];\nproductList.sort();\ncy.get('.inventory_item_name').each(($elem, index) => {\n  expect($elem.text()).equal(productList[index]);\n});",
              "err": {},
              "uuid": "30383b66-1626-44fd-ac2b-0772fc9515b3",
              "parentUUID": "1206d359-1ea2-46fa-8ab7-9ecd187732bb",
              "isHook": false,
              "skipped": false
            },
            {
              "title": "should sort product list from Z-A",
              "fullTitle": "Filter should sort product list from Z-A",
              "timedOut": null,
              "duration": 961,
              "state": "passed",
              "speed": "fast",
              "pass": true,
              "fail": false,
              "pending": false,
              "context": null,
              "code": "_auth.default.login('standard_user', 'secret_sauce');\ncy.get('.product_sort_container').select('za');\nvar productList = ['Sauce Labs Backpack', 'Sauce Labs Bike Light', 'Sauce Labs Bolt T-Shirt', 'Sauce Labs Fleece Jacket', 'Sauce Labs Onesie', 'Test.allTheThings() T-Shirt (Red)'];\nproductList.sort().reverse();\ncy.get('.inventory_item_name').each(($elem, index) => {\n  expect($elem.text()).equal(productList[index]);\n});",
              "err": {},
              "uuid": "e3633704-0d33-4d76-90bc-f6987da1fdb9",
              "parentUUID": "1206d359-1ea2-46fa-8ab7-9ecd187732bb",
              "isHook": false,
              "skipped": false
            }
          ],
          "suites": [],
          "passes": [
            "30383b66-1626-44fd-ac2b-0772fc9515b3",
            "e3633704-0d33-4d76-90bc-f6987da1fdb9"
          ],
          "failures": [],
          "pending": [],
          "skipped": [],
          "duration": 1988,
          "root": false,
          "rootEmpty": false,
          "_timeout": 2000
        }
      ],
      "passes": [],
      "failures": [],
      "pending": [],
      "skipped": [],
      "duration": 0,
      "root": true,
      "rootEmpty": true,
      "_timeout": 2000
    },
    {
      "uuid": "9bc23639-06ff-49d0-92da-351e54dba9c9",
      "title": "",
      "fullFile": "cypress\\e2e\\test\\Sort\\sort[advanced].cy.js",
      "file": "cypress\\e2e\\test\\Sort\\sort[advanced].cy.js",
      "beforeHooks": [],
      "afterHooks": [],
      "tests": [],
      "suites": [
        {
          "uuid": "81af7926-540f-415e-8b46-b237faef7378",
          "title": "Filter",
          "fullFile": "",
          "file": "",
          "beforeHooks": [],
          "afterHooks": [],
          "tests": [
            {
              "title": "should sort product list from A-Z",
              "fullTitle": "Filter should sort product list from A-Z",
              "timedOut": null,
              "duration": 1036,
              "state": "passed",
              "speed": "fast",
              "pass": true,
              "fail": false,
              "pending": false,
              "context": null,
              "code": "_auth.default.login('standard_user', 'secret_sauce');\n_product.default.selectFilter(_products.default.filter['A to Z']); // Sort data list based on name, from A to Z\n\n_products.default.products.sort();\ncy.get(_product.default.itemsName).each(($elem, index) => {\n  expect($elem.text()).equal(_products.default.products[index].name);\n});",
              "err": {},
              "uuid": "3716c961-f71f-4aa8-bd01-8ea38b7f4ca9",
              "parentUUID": "81af7926-540f-415e-8b46-b237faef7378",
              "isHook": false,
              "skipped": false
            },
            {
              "title": "should sort product list from Z-A",
              "fullTitle": "Filter should sort product list from Z-A",
              "timedOut": null,
              "duration": 970,
              "state": "passed",
              "speed": "fast",
              "pass": true,
              "fail": false,
              "pending": false,
              "context": null,
              "code": "_auth.default.login('standard_user', 'secret_sauce');\n_product.default.selectFilter(_products.default.filter['Z to A']); // Sort data list based on name, from Z to A\n\n_products.default.products.sort().reverse();\ncy.get(_product.default.itemsName).each(($elem, index) => {\n  expect($elem.text()).equal(_products.default.products[index].name);\n});",
              "err": {},
              "uuid": "9439d2a5-22cb-4c91-9fee-b155c95b60b0",
              "parentUUID": "81af7926-540f-415e-8b46-b237faef7378",
              "isHook": false,
              "skipped": false
            },
            {
              "title": "should sort product list from low to high",
              "fullTitle": "Filter should sort product list from low to high",
              "timedOut": null,
              "duration": 980,
              "state": "passed",
              "speed": "fast",
              "pass": true,
              "fail": false,
              "pending": false,
              "context": null,
              "code": "_auth.default.login('standard_user', 'secret_sauce');\n_product.default.selectFilter(_products.default.filter['Low to High']); // Sort data list based on price, from low to high\n\n_products.default.products.sort((a, b) => a.price - b.price);\ncy.get(_product.default.itemsPrice).each(($elem, index) => {\n  expect($elem.text()).equal(`$${_products.default.products[index].price}`);\n});",
              "err": {},
              "uuid": "80f9b3e7-9e53-40fd-9291-db8b565c6992",
              "parentUUID": "81af7926-540f-415e-8b46-b237faef7378",
              "isHook": false,
              "skipped": false
            },
            {
              "title": "should sort product list from high to low",
              "fullTitle": "Filter should sort product list from high to low",
              "timedOut": null,
              "duration": 951,
              "state": "passed",
              "speed": "fast",
              "pass": true,
              "fail": false,
              "pending": false,
              "context": null,
              "code": "_auth.default.login('standard_user', 'secret_sauce');\n_product.default.selectFilter(_products.default.filter['High to Low']); // Sort data list based on price, from high to low\n\n_products.default.products.sort((a, b) => b.price - a.price); // Print the prices from the sorted list\n// ProductData.products.forEach(($elem, index)=>{\n//     cy.log($elem.price)\n// })\n\ncy.get(_product.default.itemsPrice).each(($elem, index) => {\n  expect($elem.text()).equal(`$${_products.default.products[index].price}`);\n});",
              "err": {},
              "uuid": "c736c02e-7def-4c0e-b770-5ff265f65bf5",
              "parentUUID": "81af7926-540f-415e-8b46-b237faef7378",
              "isHook": false,
              "skipped": false
            }
          ],
          "suites": [],
          "passes": [
            "3716c961-f71f-4aa8-bd01-8ea38b7f4ca9",
            "9439d2a5-22cb-4c91-9fee-b155c95b60b0",
            "80f9b3e7-9e53-40fd-9291-db8b565c6992",
            "c736c02e-7def-4c0e-b770-5ff265f65bf5"
          ],
          "failures": [],
          "pending": [],
          "skipped": [],
          "duration": 3937,
          "root": false,
          "rootEmpty": false,
          "_timeout": 2000
        }
      ],
      "passes": [],
      "failures": [],
      "pending": [],
      "skipped": [],
      "duration": 0,
      "root": true,
      "rootEmpty": true,
      "_timeout": 2000
    },
    {
      "uuid": "1c729e00-4002-4d43-8010-49814a5e03e8",
      "title": "",
      "fullFile": "cypress\\e2e\\test\\InClassActivities\\activity3.cy.js",
      "file": "cypress\\e2e\\test\\InClassActivities\\activity3.cy.js",
      "beforeHooks": [],
      "afterHooks": [],
      "tests": [],
      "suites": [
        {
          "uuid": "c0f8a611-09e6-4e44-b383-359987af402c",
          "title": "Activity 3",
          "fullFile": "",
          "file": "",
          "beforeHooks": [],
          "afterHooks": [],
          "tests": [
            {
              "title": "Login with a valid user",
              "fullTitle": "Activity 3 Login with a valid user",
              "timedOut": null,
              "duration": 1609,
              "state": "passed",
              "speed": "fast",
              "pass": true,
              "fail": false,
              "pending": false,
              "context": null,
              "code": "// Enter username & password then click the login button\ncy.get('#user-name').type('standard_user');\ncy.get('#password').type('secret_sauce');\ncy.get('#login-button').click();",
              "err": {},
              "uuid": "c40d554f-c3eb-4e10-a292-00dcb547e9f0",
              "parentUUID": "c0f8a611-09e6-4e44-b383-359987af402c",
              "isHook": false,
              "skipped": false
            },
            {
              "title": "Add a single product to cart",
              "fullTitle": "Activity 3 Add a single product to cart",
              "timedOut": null,
              "duration": 1168,
              "state": "passed",
              "speed": "fast",
              "pass": true,
              "fail": false,
              "pending": false,
              "context": null,
              "code": "// Login with a valid user\ncy.get('#user-name').type('standard_user');\ncy.get('#password').type('secret_sauce');\ncy.get('#login-button').click(); // Add the saucelabs backpack to the cart\ncy.get('#add-to-cart-sauce-labs-backpack').click();",
              "err": {},
              "uuid": "64f9f26e-d079-46b7-b018-c60d779a62fc",
              "parentUUID": "c0f8a611-09e6-4e44-b383-359987af402c",
              "isHook": false,
              "skipped": false
            },
            {
              "title": "Remove one item from cart",
              "fullTitle": "Activity 3 Remove one item from cart",
              "timedOut": null,
              "duration": 1198,
              "state": "passed",
              "speed": "fast",
              "pass": true,
              "fail": false,
              "pending": false,
              "context": null,
              "code": "// Login with a valid user\ncy.get('#user-name').type('standard_user');\ncy.get('#password').type('secret_sauce');\ncy.get('#login-button').click(); // Add the saucelabs backpack to the cart\ncy.get('#add-to-cart-sauce-labs-backpack').click(); // Navigate to cart and remove the saucelabs backpack from the cart\ncy.get('.shopping_cart_link').click();\ncy.get('#remove-sauce-labs-backpack').click();",
              "err": {},
              "uuid": "ff06421f-fbb7-4425-a571-a3645908e086",
              "parentUUID": "c0f8a611-09e6-4e44-b383-359987af402c",
              "isHook": false,
              "skipped": false
            }
          ],
          "suites": [],
          "passes": [
            "c40d554f-c3eb-4e10-a292-00dcb547e9f0",
            "64f9f26e-d079-46b7-b018-c60d779a62fc",
            "ff06421f-fbb7-4425-a571-a3645908e086"
          ],
          "failures": [],
          "pending": [],
          "skipped": [],
          "duration": 3975,
          "root": false,
          "rootEmpty": false,
          "_timeout": 2000
        }
      ],
      "passes": [],
      "failures": [],
      "pending": [],
      "skipped": [],
      "duration": 0,
      "root": true,
      "rootEmpty": true,
      "_timeout": 2000
    }
  ],
  "meta": {
    "mocha": {
      "version": "7.0.1"
    },
    "mochawesome": {
      "options": {
        "quiet": false,
        "reportFilename": "mochawesome",
        "saveHtml": false,
        "saveJson": true,
        "consoleReporter": "spec",
        "useInlineDiffs": false,
        "code": true
      },
      "version": "7.1.3"
    },
    "marge": {
      "options": {
        "reportDir": "cypress/reports",
        "overwrite": false,
        "html": false,
        "json": true
      },
      "version": "6.2.0"
    }
  }
}